<?xml version="1.0" encoding="utf-8"?><testsuites name="pytest tests"><testsuite name="pytest" errors="0" failures="0" skipped="0" tests="0" time="6.102" timestamp="2025-06-25T05:27:05.089615+03:00" hostname="Furkan" /></testsuites>
