<?xml version="1.0" encoding="utf-8"?><testsuites name="pytest tests"><testsuite name="pytest" errors="0" failures="0" skipped="0" tests="0" time="15.679" timestamp="2025-06-27T06:40:25.694394+03:00" hostname="Furkan" /></testsuites>
