<?xml version="1.0" encoding="utf-8"?><testsuites name="pytest tests"><testsuite name="pytest" errors="0" failures="0" skipped="0" tests="0" time="12.928" timestamp="2025-06-28T03:38:03.166133+03:00" hostname="Furkan" /></testsuites>
