<?xml version="1.0" encoding="utf-8"?><testsuites name="pytest tests"><testsuite name="pytest" errors="0" failures="0" skipped="0" tests="3" time="8.594" timestamp="2025-06-25T23:59:55.028045+03:00" hostname="Furkan"><testcase classname="tests.test_pipeline_coverage" name="test_pipeline_no_rerank" time="1.511" /><testcase classname="tests.test_pipeline_coverage" name="test_pipeline_cv_processing_error" time="0.003" /><testcase classname="tests.test_pipeline_coverage" name="test_pipeline_no_similar_jobs_found" time="0.004" /></testsuite></testsuites>
