<?xml version="1.0" encoding="utf-8"?><testsuites name="pytest tests"><testsuite name="pytest" errors="0" failures="0" skipped="0" tests="0" time="7.269" timestamp="2025-06-25T05:56:33.589485+03:00" hostname="Furkan" /></testsuites>
