<?xml version="1.0" encoding="utf-8"?><testsuites name="pytest tests"><testsuite name="pytest" errors="0" failures="0" skipped="0" tests="105" time="10.319" timestamp="2025-06-25T06:13:43.404483+03:00" hostname="Furkan"><testcase classname="tests.test_cli" name="test_load_persona_choices" time="0.008" /><testcase classname="tests.test_cli" name="test_load_persona_choices_empty_on_error" time="0.001" /><testcase classname="tests.test_cli" name="test_build_parser" time="0.002" /><testcase classname="tests.test_cli" name="test_build_parser_multiple_personas" time="0.003" /><testcase classname="tests.test_cli" name="test_parse_args" time="0.002" /><testcase classname="tests.test_cv_analyzer" name="test_cache_key_generation" time="0.005" /><testcase classname="tests.test_cv_analyzer" name="test_normalize_skills_blacklist" time="0.005" /><testcase classname="tests.test_cv_analyzer" name="test_fail_safe" time="0.005" /><testcase classname="tests.test_cv_processor" name="test_cv_processor_initialization" time="0.001" /><testcase classname="tests.test_cv_processor" name="test_cv_processor_custom_path" time="0.001" /><testcase classname="tests.test_cv_processor" name="test_cv_processor_custom_embedding_settings" time="0.002" /><testcase classname="tests.test_cv_processor" name="test_load_cv_file_exists" time="0.004" /><testcase classname="tests.test_cv_processor" name="test_load_cv_file_not_exists" time="0.002" /><testcase classname="tests.test_cv_processor" name="test_load_cv_read_error" time="0.002" /><testcase classname="tests.test_cv_processor" name="test_create_cv_embedding" time="0.001" /><testcase classname="tests.test_cv_processor" name="test_get_cv_text" time="0.001" /><testcase classname="tests.test_cv_processor" name="test_get_cv_embedding" time="0.002" /><testcase classname="tests.test_cv_processor" name="test_get_cv_summary" time="0.001" /><testcase classname="tests.test_data_collector" name="test_concurrent_scraping" time="0.267" /><testcase classname="tests.test_embedding_service" name="test_custom_config_applied" time="0.001" /><testcase classname="tests.test_embedding_service" name="test_retry_logic" time="0.001" /><testcase classname="tests.test_filter" name="test_senior_jobs_filtered_junior_jobs_kept" time="0.001" /><testcase classname="tests.test_persona_builder" name="test_build_dynamic_personas_simple" time="0.001" /><testcase classname="tests.test_scoring" name="test_title_weighting_positive_negative" time="0.031" /><testcase classname="tests.test_scoring" name="test_description_weighting" time="0.015" /><testcase classname="tests.test_scoring" name="test_description_scoring_patterns[Python ve React geli\u015ftirme yapacaks\u0131n\u0131z-True]" time="0.015" /><testcase classname="tests.test_scoring" name="test_description_scoring_patterns[TypeScript ve JavaScript kullan\u0131lacak-True]" time="0.018" /><testcase classname="tests.test_scoring" name="test_description_scoring_patterns[Remote \xe7al\u0131\u015fma imkan\u0131-True]" time="0.020" /><testcase classname="tests.test_scoring" name="test_description_scoring_patterns[Agile metodoloji ile \xe7al\u0131\u015fma-True]" time="0.025" /><testcase classname="tests.test_scoring" name="test_description_scoring_patterns[REST API geli\u015ftirme-True]" time="0.025" /><testcase classname="tests.test_scoring" name="test_description_scoring_patterns[\xc7a\u011fr\u0131 merkezi deneyimi gerekli-False]" time="0.021" /><testcase classname="tests.test_scoring" name="test_description_scoring_patterns[Yo\u011fun seyahat gerektirir-False]" time="0.016" /><testcase classname="tests.test_scoring" name="test_description_scoring_patterns[Sat\u0131\u015f hedefi ve kota takibi-False]" time="0.017" /><testcase classname="tests.test_scoring" name="test_description_scoring_patterns[M\xfc\u015fteri ziyareti yap\u0131lacak-False]" time="0.017" /><testcase classname="tests.test_scoring" name="test_description_text_truncation" time="0.018" /><testcase classname="tests.test_scoring" name="test_experience_regex_detection" time="0.017" /><testcase classname="tests.test_scoring" name="test_experience_penalty_thresholds[3 y\u0131l deneyim--10]" time="0.014" /><testcase classname="tests.test_scoring" name="test_experience_penalty_thresholds[4 y\u0131l tecr\xfcbe--20]" time="0.015" /><testcase classname="tests.test_scoring" name="test_experience_penalty_thresholds[5 y\u0131l deneyim gerekli--40]" time="0.020" /><testcase classname="tests.test_scoring" name="test_experience_penalty_thresholds[8 y\u0131l \xe7al\u0131\u015fma tecr\xfcbesi--50]" time="0.015" /><testcase classname="tests.test_scoring" name="test_experience_penalty_thresholds[10 y\u0131l ve \xfczeri deneyim--60]" time="0.015" /><testcase classname="tests.test_scoring" name="test_experience_penalty_thresholds[15 y\u0131l sekt\xf6r tecr\xfcbesi--60]" time="0.016" /><testcase classname="tests.test_scoring" name="test_experience_penalty_thresholds[2 years experience-0]" time="0.015" /><testcase classname="tests.test_scoring" name="test_experience_penalty_thresholds[1 y\u0131l deneyim-0]" time="0.015" /><testcase classname="tests.test_scoring" name="test_experience_penalty_thresholds[Deneyim gerekmez-0]" time="0.017" /><testcase classname="tests.test_scoring" name="test_experience_penalty_thresholds[En az 5 sene tecr\xfcbe--40]" time="0.018" /><testcase classname="tests.test_scoring" name="test_experience_penalty_thresholds[4 yrs experience required--20]" time="0.018" /><testcase classname="tests.test_scoring" name="test_experience_penalty_thresholds[3 years of work--10]" time="0.016" /><testcase classname="tests.test_scoring" name="test_experience_multiple_years_max" time="0.016" /><testcase classname="tests.test_scoring" name="test_parametrized_title_scores[Senior Software Engineer--35--25]" time="0.015" /><testcase classname="tests.test_scoring" name="test_parametrized_title_scores[Junior React Developer-25-35]" time="0.014" /><testcase classname="tests.test_scoring" name="test_parametrized_title_scores[Sr. Data Scientist--5-5]" time="0.019" /><testcase classname="tests.test_scoring" name="test_parametrized_title_scores[Entry Level Python Dev-25-35]" time="0.017" /><testcase classname="tests.test_scoring" name="test_parametrized_title_scores[Lead Developer--35--25]" time="0.018" /><testcase classname="tests.test_scoring" name="test_parametrized_title_scores[Architect--35--25]" time="0.018" /><testcase classname="tests.test_scoring" name="test_parametrized_title_scores[Manager--35--25]" time="0.017" /><testcase classname="tests.test_scoring" name="test_parametrized_title_scores[Trainee Software Engineer-25-35]" time="0.017" /><testcase classname="tests.test_scoring" name="test_parametrized_title_scores[Intern Developer-25-35]" time="0.018" /><testcase classname="tests.test_scoring" name="test_parametrized_title_scores[Stajyer Yaz\u0131l\u0131m Geli\u015ftirici-25-35]" time="0.021" /><testcase classname="tests.test_scoring" name="test_should_include_threshold" time="0.023" /><testcase classname="tests.test_scoring" name="test_compare_filters_basic" time="0.020" /><testcase classname="tests.test_scoring" name="test_scoring_performance" time="0.043" /><testcase classname="tests.test_scoring" name="test_filter_empty_list" time="0.001" /><testcase classname="tests.test_scoring" name="test_edge_cases" time="0.017" /><testcase classname="tests.test_scoring" name="test_regex_word_boundaries" time="0.022" /><testcase classname="tests.test_scoring" name="test_hyphenated_words" time="0.016" /><testcase classname="tests.test_scoring" name="test_config_driven_flexibility" time="0.015" /><testcase classname="tests.test_scoring" name="test_scoring_performance_extended" time="0.056" /><testcase classname="tests.test_scoring" name="test_regression_protection" time="0.016" /><testcase classname="tests.test_scoring" name="test_comprehensive_integration" time="0.020" /><testcase classname="tests.test_scoring" name="test_description_scoring_edge_cases[Python geli\u015ftirme deneyimi-True]" time="0.018" /><testcase classname="tests.test_scoring" name="test_description_scoring_edge_cases[React ve TypeScript ile \xe7al\u0131\u015fma-True]" time="0.023" /><testcase classname="tests.test_scoring" name="test_description_scoring_edge_cases[Remote \xe7al\u0131\u015fma imkan\u0131-True]" time="0.019" /><testcase classname="tests.test_scoring" name="test_description_scoring_edge_cases[\xc7a\u011fr\u0131 merkezi deneyimi-False]" time="0.018" /><testcase classname="tests.test_scoring" name="test_description_scoring_edge_cases[Yo\u011fun seyahat gerekli-False]" time="0.016" /><testcase classname="tests.test_scoring" name="test_description_scoring_edge_cases[Sat\u0131\u015f hedefi ve kota-False]" time="0.020" /><testcase classname="tests.test_scoring" name="test_description_scoring_edge_cases[-False]" time="0.017" /><testcase classname="tests.test_scoring" name="test_description_scoring_edge_cases[None-False]" time="0.016" /><testcase classname="tests.test_scoring" name="test_comprehensive_job_scoring[Junior Developer-Python development-0 y\u0131l deneyim-True]" time="0.086" /><testcase classname="tests.test_scoring" name="test_comprehensive_job_scoring[Entry Level React Dev-React projects-Fresh graduate-True]" time="0.023" /><testcase classname="tests.test_scoring" name="test_comprehensive_job_scoring[Senior Engineer-5+ years experience-5 y\u0131l deneyim-False]" time="0.053" /><testcase classname="tests.test_scoring" name="test_comprehensive_job_scoring[Lead Developer-Team leadership-8 years experience-False]" time="0.026" /><testcase classname="tests.test_scoring" name="test_comprehensive_job_scoring[Trainee Position-Learning opportunity-No experience required-True]" time="0.019" /><testcase classname="tests.test_scoring" name="test_comprehensive_job_scoring[---True]" time="0.017" /><testcase classname="tests.test_scoring" name="test_comprehensive_job_scoring[None-None-None-True]" time="0.018" /><testcase classname="tests.test_scoring" name="test_experience_detection_comprehensive[5 y\u0131l deneyim gerekli-True]" time="0.020" /><testcase classname="tests.test_scoring" name="test_experience_detection_comprehensive[4 years experience required-True]" time="0.018" /><testcase classname="tests.test_scoring" name="test_experience_detection_comprehensive[10+ years professional experience-True]" time="0.018" /><testcase classname="tests.test_scoring" name="test_experience_detection_comprehensive[2 y\u0131l deneyim-False]" time="0.018" /><testcase classname="tests.test_scoring" name="test_experience_detection_comprehensive[1 year experience-False]" time="0.020" /><testcase classname="tests.test_scoring" name="test_experience_detection_comprehensive[Fresh graduate position-False]" time="0.022" /><testcase classname="tests.test_scoring" name="test_experience_detection_comprehensive[No experience required-False]" time="0.019" /><testcase classname="tests.test_scoring" name="test_experience_detection_comprehensive[-False]" time="0.026" /><testcase classname="tests.test_scoring" name="test_experience_detection_comprehensive[None-False]" time="0.021" /><testcase classname="tests.test_scoring" name="test_regex_pattern_word_boundaries" time="0.020" /><testcase classname="tests.test_scoring" name="test_hyphenated_word_matching" time="0.019" /><testcase classname="tests.test_scoring" name="test_case_insensitive_matching" time="0.019" /><testcase classname="tests.test_scoring" name="test_multiple_keyword_matches" time="0.019" /><testcase classname="tests.test_scoring" name="test_config_driven_thresholds" time="0.018" /><testcase classname="tests.test_scoring" name="test_performance_with_large_description" time="0.019" /><testcase classname="tests.test_scoring" name="test_empty_and_none_handling" time="0.019" /><testcase classname="tests.test_scoring" name="test_regression_protection_basic_scores" time="0.019" /><testcase classname="tests.test_vector_store" name="test_stable_job_id_consistency" time="0.495" /><testcase classname="tests.test_vector_store" name="test_stable_job_id_uses_url" time="0.050" /><testcase classname="tests.test_vector_store" name="test_duplicate_detection_across_runs" time="1.459" /></testsuite></testsuites>
