<?xml version="1.0" encoding="utf-8"?><testsuites name="pytest tests"><testsuite name="pytest" errors="0" failures="0" skipped="0" tests="0" time="12.280" timestamp="2025-06-26T02:23:50.880999+03:00" hostname="Furkan" /></testsuites>
