<?xml version="1.0" encoding="utf-8"?><testsuites name="pytest tests"><testsuite name="pytest" errors="0" failures="0" skipped="0" tests="0" time="16.092" timestamp="2025-06-27T00:49:53.771108+03:00" hostname="Furkan" /></testsuites>
