<?xml version="1.0" encoding="utf-8"?><testsuites name="pytest tests"><testsuite name="pytest" errors="0" failures="0" skipped="0" tests="0" time="12.244" timestamp="2025-06-27T06:09:54.227621+03:00" hostname="Furkan" /></testsuites>
