<?xml version="1.0" encoding="utf-8"?><testsuites name="pytest tests"><testsuite name="pytest" errors="0" failures="0" skipped="0" tests="0" time="12.678" timestamp="2025-06-25T13:40:54.344064+03:00" hostname="Furkan" /></testsuites>
